<?xml version="1.0" encoding="UTF-8"?>
<!-- Generated by org.testng.reporters.JUnitXMLReporter -->
<testsuite ignored="6" hostname="DESKTOP-F96MB1N" failures="0" tests="3" name="Surefire test" time="3.298" errors="0" timestamp="2024-04-19T18:23:56 EET">
  <testcase classname="AlgeriaPackageTests" name="Verify_That_PackagesTypesAndPricesAlgeria_Are_Correct" time="1.002"/>
  <testcase classname="EgeptPackageTests" name="Verify_That_PackagesTypesAndPricesEgypt_Are_Correct" time="1.001"/>
  <testcase classname="UAEPackageTests" name="Verify_That_PackagesTypesAndPricesUAE_Are_Correct" time="1.229"/>
  <testcase classname="TestBase" name="@AfterSuite quitDriver" time="0.0">
    <ignored/>
  </testcase> <!-- @AfterSuite quitDriver -->
  <testcase classname="TestBase" name="@BeforeSuite openBrowser" time="0.0">
    <ignored/>
  </testcase> <!-- @BeforeSuite openBrowser -->
  <testcase classname="TestBase" name="@BeforeSuite openBrowser" time="0.0">
    <ignored/>
  </testcase> <!-- @BeforeSuite openBrowser -->
  <testcase classname="TestBase" name="@BeforeSuite openBrowser" time="0.0">
    <ignored/>
  </testcase> <!-- @BeforeSuite openBrowser -->
  <testcase classname="TestBase" name="@AfterSuite quitDriver" time="0.0">
    <ignored/>
  </testcase> <!-- @AfterSuite quitDriver -->
  <testcase classname="TestBase" name="@AfterSuite quitDriver" time="0.0">
    <ignored/>
  </testcase> <!-- @AfterSuite quitDriver -->
</testsuite> <!-- Surefire test -->
