<?xml version="1.0" encoding="UTF-8"?>
<testng-results ignored="0" total="3" passed="3" failed="0" skipped="0">
  <reporter-output>
  </reporter-output>
  <suite started-at="2024-04-19T18:23:53 EET" name="Surefire suite" finished-at="2024-04-19T18:23:56 EET" duration-ms="3298">
    <groups>
    </groups>
    <test started-at="2024-04-19T18:23:53 EET" name="Surefire test" finished-at="2024-04-19T18:23:56 EET" duration-ms="3298">
      <class name="UAEPackageTests">
        <test-method signature="Verify_That_PackagesTypesAndPricesUAE_Are_Correct()[pri:0, instance:UAEPackageTests@202b0582]" started-at="2024-04-19T18:23:55 EET" name="Verify_That_PackagesTypesAndPricesUAE_Are_Correct" finished-at="2024-04-19T18:23:56 EET" duration-ms="1229" status="PASS">
          <reporter-output>
          </reporter-output>
        </test-method> <!-- Verify_That_PackagesTypesAndPricesUAE_Are_Correct -->
      </class> <!-- UAEPackageTests -->
      <class name="AlgeriaPackageTests">
        <test-method is-config="true" signature="openBrowser()[pri:0, instance:AlgeriaPackageTests@3e8c3cb]" started-at="2024-04-19T18:23:41 EET" name="openBrowser" finished-at="2024-04-19T18:23:53 EET" duration-ms="11616" status="PASS">
          <reporter-output>
          </reporter-output>
        </test-method> <!-- openBrowser -->
        <test-method signature="Verify_That_PackagesTypesAndPricesAlgeria_Are_Correct()[pri:0, instance:AlgeriaPackageTests@3e8c3cb]" started-at="2024-04-19T18:23:53 EET" name="Verify_That_PackagesTypesAndPricesAlgeria_Are_Correct" finished-at="2024-04-19T18:23:54 EET" duration-ms="1002" status="PASS">
          <reporter-output>
          </reporter-output>
        </test-method> <!-- Verify_That_PackagesTypesAndPricesAlgeria_Are_Correct -->
        <test-method is-config="true" signature="quitDriver()[pri:0, instance:AlgeriaPackageTests@3e8c3cb]" started-at="2024-04-19T18:23:56 EET" name="quitDriver" finished-at="2024-04-19T18:23:56 EET" duration-ms="190" status="PASS">
          <reporter-output>
          </reporter-output>
        </test-method> <!-- quitDriver -->
      </class> <!-- AlgeriaPackageTests -->
      <class name="EgeptPackageTests">
        <test-method signature="Verify_That_PackagesTypesAndPricesEgypt_Are_Correct()[pri:0, instance:EgeptPackageTests@7ef82753]" started-at="2024-04-19T18:23:54 EET" name="Verify_That_PackagesTypesAndPricesEgypt_Are_Correct" finished-at="2024-04-19T18:23:55 EET" duration-ms="1001" status="PASS">
          <reporter-output>
          </reporter-output>
        </test-method> <!-- Verify_That_PackagesTypesAndPricesEgypt_Are_Correct -->
      </class> <!-- EgeptPackageTests -->
    </test> <!-- Surefire test -->
  </suite> <!-- Surefire suite -->
</testng-results>
